<?xml version="1.0" encoding="UTF-8"?>
<!-- Generated by org.testng.reporters.JUnitReportReporter -->
<testsuite hostname="admins-MacBook-Pro.local" failures="0" tests="1" name="Runner.TestRunner" time="8.754" errors="0" timestamp="2023-08-13T13:19:47 CEST" skipped="0">
  <testcase classname="Runner.TestRunner" name="runScenario" time="8.754"/>
  <system-out/>
</testsuite> <!-- Runner.TestRunner -->
