<?xml version="1.0" encoding="UTF-8"?>
<!-- Generated by org.testng.reporters.JUnitReportReporter -->
<testsuite hostname="admins-MacBook-Pro.local" failures="0" tests="3" name="Runner.TestRunner" time="20.304" errors="0" timestamp="2023-08-13T18:07:48 CEST" skipped="0">
  <testcase classname="Runner.TestRunner" name="runScenario" time="6.724"/>
  <system-out/>
  <testcase classname="Runner.TestRunner" name="runScenario" time="7.545"/>
  <system-out/>
  <testcase classname="Runner.TestRunner" name="runScenario" time="6.035"/>
  <system-out/>
</testsuite> <!-- Runner.TestRunner -->
